<?xml version="1.0" encoding="UTF-8"?>
<!-- Generated by org.testng.reporters.JUnitXMLReporter -->
<testsuite hostname="CWT-LPT-193" failures="0" tests="4" name="ATB6xLearningRestAssured" time="9.658" errors="0" timestamp="7 Jul 2024 20:18:13 GMT">
  <testcase classname="APIAutomationRestAssured.tests.integration.TCIntegration" name="testCreateBooking" time="4.651"/>
  <testcase classname="APIAutomationRestAssured.tests.integration.TCIntegration" name="testVerifyBookingId" time="1.386"/>
  <testcase classname="APIAutomationRestAssured.tests.integration.TCIntegration" name="testUpdateByBookingId" time="1.543"/>
  <testcase classname="APIAutomationRestAssured.tests.integration.TCIntegration" name="testDeleteByBookingId" time="1.515"/>
</testsuite> <!-- ATB6xLearningRestAssured -->
