<?xml version="1.0" encoding="UTF-8"?>
<!-- Generated by org.testng.reporters.JUnitXMLReporter -->
<testsuite hostname="CWT-LPT-193" failures="0" tests="4" name="ATB6xLearningRestAssured" time="10.036" errors="0" timestamp="7 Jul 2024 19:34:02 GMT">
  <testcase classname="APIAutomationRestAssured.tests.integration.TCIntegration" name="testCreateBooking" time="4.952"/>
  <testcase classname="APIAutomationRestAssured.tests.integration.TCIntegration" name="testVerifyBookingId" time="1.566"/>
  <testcase classname="APIAutomationRestAssured.tests.integration.TCIntegration" name="testUpdateByBookingId" time="1.531"/>
  <testcase classname="APIAutomationRestAssured.tests.integration.TCIntegration" name="testDeleteByBookingId" time="1.471"/>
</testsuite> <!-- ATB6xLearningRestAssured -->
