<?xml version="1.0" encoding="UTF-8"?>
<testng-results total="0" passed="0" failed="0" skipped="0">
  <reporter-output>
  </reporter-output>
  <suite started-at="2024-07-02T13:17:19Z" name="Surefire suite" finished-at="2024-07-02T13:17:19Z" duration-ms="494">
    <groups>
    </groups>
    <test started-at="2024-07-02T13:17:19Z" name="Surefire test" finished-at="2024-07-02T13:17:19Z" duration-ms="494">
      <class name="APIAutomationRestAssured.base.BaseTest">
        <test-method is-config="true" signature="setUp()[pri:0, instance:APIAutomationRestAssured.base.BaseTest@68567e20]" started-at="2024-07-02T18:47:19Z" name="setUp" finished-at="2024-07-02T18:47:19Z" duration-ms="485" status="PASS">
          <reporter-output>
          </reporter-output>
        </test-method> <!-- setUp -->
      </class> <!-- APIAutomationRestAssured.base.BaseTest -->
    </test> <!-- Surefire test -->
  </suite> <!-- Surefire suite -->
</testng-results>
